<?xml version="1.0" encoding="UTF-8"?>
<!-- Generated by org.testng.reporters.JUnitReportReporter -->
<testsuite hostname="QT-INHD-LT0085" failures="0" tests="1" name="UITestSuite" time="7.587" errors="0" timestamp="2022-09-27T11:46:55 IST" skipped="0">
  <testcase classname="UITestSuite" name="navigateToAmazon" time="7.587"/>
  <system-out/>
</testsuite> <!-- UITestSuite -->
